nohup: ignoring input
2025-06-14 09:34:27,782 - root - INFO - Stop signal received (SIGTERM). Exiting...
2025-06-14 09:34:28,237 - root - INFO - Stop signal received (SIGTERM). Exiting...
Pyromod is working! If you like pyromod, please star it at https://github.com/usernein/pyromod


------------------- Initalizing Telegram Bot -------------------
------------------------------ DONE ------------------------------

---------------------- Initializing Clients ----------------------
No additional clients found, using default client
------------------------------ DONE ------------------------------


--------------------------- Importing ---------------------------
Imported => stream
Imported => start_help
Imported => extra
Imported => admin
-------------------- Initalizing Web Server -------------------------
----------------------------- DONE ---------------------------------------------------------------------


---------------------------------------------------------------------------------------------------------
---------------------------------------------------------------------------------------------------------
 follow me for more such exciting bots! https://github.com/Rishikesh-Sharma09
---------------------------------------------------------------------------------------------------------


----------------------- Service Started -----------------------------------------------------------------
                        bot =>> cacacaya_log
                        server ip =>> 0.0.0.0:8081
                        Owner =>> @dud4rus
---------------------------------------------------------------------------------------------------------
Give a star to my repo https://github.com/Rishikesh-Sharma09/File-to-link  also follow me for new bots
---------------------------------------------------------------------------------------------------------
Pyromod is working! If you like pyromod, please star it at https://github.com/usernein/pyromod


------------------- Initalizing Telegram Bot -------------------
------------------------------ DONE ------------------------------

---------------------- Initializing Clients ----------------------
No additional clients found, using default client
------------------------------ DONE ------------------------------


--------------------------- Importing ---------------------------
Imported => stream
Imported => start_help
Imported => extra
Imported => admin
-------------------- Initalizing Web Server -------------------------
----------------------------- DONE ---------------------------------------------------------------------


---------------------------------------------------------------------------------------------------------
---------------------------------------------------------------------------------------------------------
 follow me for more such exciting bots! https://github.com/Rishikesh-Sharma09
---------------------------------------------------------------------------------------------------------


----------------------- Service Started -----------------------------------------------------------------
                        bot =>> cacacaya_log
                        server ip =>> 0.0.0.0:8080
                        Owner =>> @dud4rus
---------------------------------------------------------------------------------------------------------
Give a star to my repo https://github.com/Rishikesh-Sharma09/File-to-link  also follow me for new bots
---------------------------------------------------------------------------------------------------------
